TN:
SF:src\App.tsx
FN:15,(anonymous_1)
FN:26,(anonymous_2)
FN:37,(anonymous_3)
FN:41,(anonymous_4)
FN:45,(anonymous_5)
FN:48,(anonymous_6)
FN:54,(anonymous_7)
FN:55,(anonymous_8)
FN:64,(anonymous_9)
FN:65,(anonymous_10)
FNF:10
FNH:6
FNDA:25,(anonymous_1)
FNDA:7,(anonymous_2)
FNDA:4,(anonymous_3)
FNDA:2,(anonymous_4)
FNDA:5,(anonymous_5)
FNDA:1,(anonymous_6)
FNDA:0,(anonymous_7)
FNDA:0,(anonymous_8)
FNDA:0,(anonymous_9)
FNDA:0,(anonymous_10)
DA:1,2
DA:2,2
DA:3,2
DA:4,2
DA:6,2
DA:7,2
DA:8,2
DA:9,2
DA:10,2
DA:11,2
DA:12,2
DA:13,2
DA:15,2
DA:16,25
DA:17,25
DA:18,25
DA:19,25
DA:21,25
DA:23,25
DA:24,25
DA:26,25
DA:28,7
DA:32,7
DA:33,7
DA:35,7
DA:38,4
DA:39,3
DA:42,2
DA:43,2
DA:45,5
DA:48,25
DA:49,1
DA:50,1
DA:53,25
DA:55,0
DA:56,0
DA:57,0
DA:58,0
DA:64,25
DA:65,0
DA:66,0
DA:67,0
DA:68,0
DA:72,25
DA:74,25
DA:100,2
LF:46
LH:38
BRDA:28,0,0,2
BRDA:28,0,1,5
BRDA:77,1,0,14
BRDA:77,1,1,11
BRDA:79,2,0,1
BRDA:79,2,1,10
BRDA:81,3,0,9
BRDA:81,3,1,1
BRDA:92,4,0,1
BRDA:92,4,1,0
BRF:10
BRH:9
end_of_record
TN:
SF:src\components\catalog\Card.tsx
FN:5,(anonymous_1)
FN:12,(anonymous_2)
FNF:2
FNH:1
FNDA:3,(anonymous_1)
FNDA:0,(anonymous_2)
DA:1,3
DA:3,3
DA:5,3
DA:6,3
DA:8,3
DA:12,0
DA:36,3
LF:7
LH:6
BRDA:25,0,0,3
BRDA:25,0,1,1
BRF:2
BRH:2
end_of_record
TN:
SF:src\components\catalog\CardDetails.tsx
FN:6,(anonymous_1)
FN:11,(anonymous_2)
FN:14,(anonymous_3)
FN:15,(anonymous_4)
FN:19,(anonymous_5)
FN:20,(anonymous_6)
FN:22,(anonymous_7)
FN:23,(anonymous_8)
FN:26,(anonymous_9)
FNF:9
FNH:0
FNDA:0,(anonymous_1)
FNDA:0,(anonymous_2)
FNDA:0,(anonymous_3)
FNDA:0,(anonymous_4)
FNDA:0,(anonymous_5)
FNDA:0,(anonymous_6)
FNDA:0,(anonymous_7)
FNDA:0,(anonymous_8)
FNDA:0,(anonymous_9)
DA:1,2
DA:3,2
DA:4,2
DA:6,2
DA:7,0
DA:8,0
DA:9,0
DA:11,0
DA:12,0
DA:13,0
DA:14,0
DA:16,0
DA:17,0
DA:19,0
DA:20,0
DA:22,0
DA:23,0
DA:26,0
DA:27,0
DA:28,0
DA:31,0
DA:81,2
LF:22
LH:5
BRDA:12,0,0,0
BRDA:12,0,1,0
BRDA:38,1,0,0
BRDA:38,1,1,0
BRDA:38,2,0,0
BRDA:38,2,1,0
BRDA:42,3,0,0
BRDA:42,3,1,0
BRF:8
BRH:0
end_of_record
TN:
SF:src\components\catalog\CardList.tsx
FN:5,(anonymous_1)
FN:10,(anonymous_2)
FNF:2
FNH:2
FNDA:2,(anonymous_1)
FNDA:4,(anonymous_2)
DA:1,3
DA:3,3
DA:5,3
DA:6,2
DA:8,2
DA:11,4
DA:17,3
LF:7
LH:7
BRF:0
BRH:0
end_of_record
TN:
SF:src\components\catalog\Pagination.tsx
FN:3,(anonymous_0)
FN:8,(anonymous_1)
FN:20,(anonymous_2)
FNF:3
FNH:1
FNDA:1,(anonymous_0)
FNDA:0,(anonymous_1)
FNDA:0,(anonymous_2)
DA:3,2
DA:4,1
DA:8,0
DA:20,0
DA:29,2
LF:5
LH:3
BRF:0
BRH:0
end_of_record
TN:
SF:src\components\hero\Hero.tsx
FN:5,(anonymous_1)
FNF:1
FNH:1
FNDA:26,(anonymous_1)
DA:1,3
DA:2,3
DA:5,3
DA:6,26
DA:7,26
DA:18,3
LF:6
LH:6
BRF:0
BRH:0
end_of_record
TN:
SF:src\components\hero\SearchBar.tsx
FN:6,(anonymous_1)
FN:10,(anonymous_2)
FN:14,(anonymous_3)
FNF:3
FNH:3
FNDA:44,(anonymous_1)
FNDA:13,(anonymous_2)
FNDA:2,(anonymous_3)
DA:1,4
DA:3,4
DA:4,4
DA:6,4
DA:7,44
DA:8,44
DA:10,44
DA:11,13
DA:14,44
DA:15,2
DA:16,2
DA:17,2
DA:18,2
DA:21,44
DA:46,4
LF:15
LH:15
BRF:0
BRH:0
end_of_record
TN:
SF:src\components\layout\ErrorBoundary.tsx
FN:11,(anonymous_1)
FN:16,(anonymous_2)
FN:20,(anonymous_3)
FNF:3
FNH:3
FNDA:2,(anonymous_1)
FNDA:1,(anonymous_2)
FNDA:4,(anonymous_3)
DA:1,1
DA:2,1
DA:3,1
DA:7,2
DA:12,2
DA:13,2
DA:17,1
DA:21,4
DA:22,2
DA:31,2
DA:35,1
LF:11
LH:11
BRDA:21,0,0,2
BRDA:21,0,1,2
BRF:2
BRH:2
end_of_record
TN:
SF:src\components\layout\ErrorButton.tsx
FN:3,(anonymous_9)
FN:6,(anonymous_10)
FNF:2
FNH:2
FNDA:4,(anonymous_9)
FNDA:1,(anonymous_10)
DA:1,1
DA:3,1
DA:4,4
DA:6,3
DA:7,1
DA:10,3
DA:11,2
DA:13,1
DA:24,1
LF:9
LH:9
BRDA:10,0,0,2
BRDA:10,0,1,1
BRF:2
BRH:2
end_of_record
TN:
SF:src\components\layout\Fallback.tsx
FN:5,(anonymous_1)
FNF:1
FNH:1
FNDA:2,(anonymous_1)
DA:1,1
DA:2,1
DA:3,1
DA:5,1
DA:6,2
DA:31,1
LF:6
LH:6
BRF:0
BRH:0
end_of_record
TN:
SF:src\components\layout\Footer.tsx
FN:3,(anonymous_1)
FNF:1
FNH:1
FNDA:38,(anonymous_1)
DA:1,7
DA:3,7
DA:4,38
DA:31,7
LF:4
LH:4
BRF:0
BRH:0
end_of_record
TN:
SF:src\components\layout\Header.tsx
FN:6,(anonymous_1)
FN:21,(anonymous_2)
FNF:2
FNH:2
FNDA:38,(anonymous_1)
FNDA:38,(anonymous_2)
DA:1,7
DA:2,7
DA:3,7
DA:4,7
DA:6,7
DA:7,38
DA:22,38
DA:32,7
LF:8
LH:8
BRDA:22,0,0,1
BRDA:22,0,1,37
BRF:2
BRH:2
end_of_record
TN:
SF:src\components\layout\Layout.tsx
FN:6,(anonymous_1)
FNF:1
FNH:1
FNDA:34,(anonymous_1)
DA:2,5
DA:3,5
DA:4,5
DA:6,5
DA:7,34
DA:8,34
DA:19,5
LF:7
LH:7
BRF:0
BRH:0
end_of_record
TN:
SF:src\components\layout\Spinner.tsx
FN:3,(anonymous_1)
FNF:1
FNH:1
FNDA:15,(anonymous_1)
DA:1,3
DA:3,3
DA:4,15
DA:16,3
LF:4
LH:4
BRF:0
BRH:0
end_of_record
TN:
SF:src\hooks\useLocalStorage.ts
FN:3,(anonymous_0)
FN:4,(anonymous_1)
FN:13,(anonymous_2)
FNF:3
FNH:3
FNDA:69,(anonymous_0)
FNDA:17,(anonymous_1)
FNDA:32,(anonymous_2)
DA:1,4
DA:3,4
DA:4,69
DA:5,17
DA:6,17
DA:8,1
DA:9,1
DA:13,69
DA:14,32
DA:15,32
DA:17,1
DA:21,69
DA:24,4
LF:13
LH:13
BRDA:6,0,0,17
BRDA:6,0,1,14
BRF:2
BRH:2
end_of_record
TN:
SF:src\hooks\usePagination.ts
FN:4,(anonymous_0)
FN:6,(anonymous_1)
FN:13,(anonymous_2)
FN:19,(anonymous_3)
FN:25,(anonymous_4)
FNF:5
FNH:5
FNDA:25,(anonymous_0)
FNDA:12,(anonymous_1)
FNDA:12,(anonymous_2)
FNDA:6,(anonymous_3)
FNDA:1,(anonymous_4)
DA:1,2
DA:2,2
DA:4,2
DA:5,25
DA:6,25
DA:7,12
DA:10,25
DA:11,25
DA:13,25
DA:14,12
DA:15,6
DA:19,25
DA:20,6
DA:21,0
DA:25,25
DA:26,1
DA:27,1
DA:28,1
DA:32,25
DA:40,2
LF:20
LH:19
BRDA:7,0,0,12
BRDA:7,0,1,6
BRDA:14,1,0,6
BRDA:14,1,1,6
BRDA:20,2,0,0
BRDA:20,2,1,6
BRDA:26,3,0,1
BRDA:26,3,1,0
BRDA:26,4,0,1
BRDA:26,4,1,1
BRF:10
BRH:8
end_of_record
TN:
SF:src\pages\About.tsx
FN:5,(anonymous_1)
FNF:1
FNH:1
FNDA:4,(anonymous_1)
DA:1,2
DA:2,2
DA:3,2
DA:5,2
DA:6,4
DA:28,2
LF:6
LH:6
BRF:0
BRH:0
end_of_record
TN:
SF:src\pages\NotFound.tsx
FN:5,(anonymous_1)
FNF:1
FNH:1
FNDA:4,(anonymous_1)
DA:1,2
DA:2,2
DA:3,2
DA:5,2
DA:6,4
DA:22,2
LF:6
LH:6
BRF:0
BRH:0
end_of_record
TN:
SF:src\router\routes.tsx
FNF:0
FNH:0
DA:1,1
DA:2,1
DA:3,1
DA:4,1
DA:7,1
LF:5
LH:5
BRF:0
BRH:0
end_of_record
TN:
SF:src\services\checkResponse.ts
FN:3,checkResponse
FNF:1
FNH:1
FNDA:8,checkResponse
DA:1,3
DA:4,8
DA:5,5
DA:8,3
DA:11,3
DA:15,3
DA:16,2
DA:19,1
DA:20,1
DA:23,3
LF:10
LH:10
BRDA:4,0,0,5
BRDA:4,0,1,3
BRDA:11,1,0,2
BRDA:11,1,1,1
BRDA:11,2,0,3
BRDA:11,2,1,3
BRDA:11,2,2,3
BRDA:15,3,0,2
BRDA:15,3,1,1
BRF:9
BRH:9
end_of_record
TN:
SF:src\services\getErrorMessage.ts
FN:1,getErrorMessage
FNF:1
FNH:1
FNDA:9,getErrorMessage
DA:2,9
DA:4,1
DA:6,1
DA:8,1
DA:10,1
DA:12,1
DA:14,1
DA:16,1
DA:18,1
DA:20,1
DA:24,3
LF:11
LH:11
BRDA:2,0,0,1
BRDA:2,0,1,1
BRDA:2,0,2,1
BRDA:2,0,3,1
BRDA:2,0,4,1
BRDA:2,0,5,1
BRDA:2,0,6,1
BRDA:2,0,7,1
BRDA:2,0,8,1
BRF:9
BRH:9
end_of_record
TN:
SF:src\utils\utils.ts
FN:1,(anonymous_0)
FNF:1
FNH:1
FNDA:3,(anonymous_0)
DA:1,1
DA:2,3
LF:2
LH:2
BRF:0
BRH:0
end_of_record
